[debug] [2025-02-20T23:14:44.182Z] ----------------------------------------------------------------------
[debug] [2025-02-20T23:14:44.186Z] Command:       C:\Program Files\nodejs\node.exe C:\Users\Administrator\AppData\Roaming\npm\node_modules\firebase-tools\lib\bin\firebase.js init hosting
[debug] [2025-02-20T23:14:44.187Z] CLI Version:   13.31.2
[debug] [2025-02-20T23:14:44.187Z] Platform:      win32
[debug] [2025-02-20T23:14:44.188Z] Node Version:  v22.13.1
[debug] [2025-02-20T23:14:44.188Z] Time:          Fri Feb 21 2025 01:14:44 GMT+0200 (Eastern European Standard Time)
[debug] [2025-02-20T23:14:44.188Z] ----------------------------------------------------------------------
[debug] 
[debug] [2025-02-20T23:14:44.194Z] >>> [apiv2][query] GET https://firebase-public.firebaseio.com/cli.json [none]
[debug] [2025-02-20T23:14:44.297Z] > command requires scopes: ["email","openid","https://www.googleapis.com/auth/cloudplatformprojects.readonly","https://www.googleapis.com/auth/firebase","https://www.googleapis.com/auth/cloud-platform"]
[debug] [2025-02-20T23:14:44.298Z] > authorizing via signed-in user (mohammadalijarjoumah97@gmail.com)
[info] 
     ######## #### ########  ######## ########     ###     ######  ########
     ##        ##  ##     ## ##       ##     ##  ##   ##  ##       ##
     ######    ##  ########  ######   ########  #########  ######  ######
     ##        ##  ##    ##  ##       ##     ## ##     ##       ## ##
     ##       #### ##     ## ######## ########  ##     ##  ######  ########

You're about to initialize a Firebase project in this directory:

  C:\Users\Administrator\Documents\DEV\portfolio

[debug] [2025-02-20T23:14:45.137Z] <<< [apiv2][status] GET https://firebase-public.firebaseio.com/cli.json 200
[debug] [2025-02-20T23:14:45.138Z] <<< [apiv2][body] GET https://firebase-public.firebaseio.com/cli.json {"cloudBuildErrorAfter":1594252800000,"cloudBuildWarnAfter":1590019200000,"defaultNode10After":1594252800000,"minVersion":"3.0.5","node8DeploysDisabledAfter":1613390400000,"node8RuntimeDisabledAfter":1615809600000,"node8WarnAfter":1600128000000}
